[2017-04-10 16:26:56,227] [INFO] basehttp : "GET / HTTP/1.1" 200 1471
[2017-04-10 16:26:56,227] [INFO] basehttp : "GET / HTTP/1.1" 200 1471
[2017-04-10 16:26:56,403] [WARNING] basehttp : "GET /favicon.ico HTTP/1.1" 404 3478
[2017-04-10 16:26:56,403] [WARNING] basehttp : "GET /favicon.ico HTTP/1.1" 404 3478
[2017-04-10 16:27:19,726] [INFO] basehttp : "GET /?username=111 HTTP/1.1" 200 1471
[2017-04-10 16:27:19,726] [INFO] basehttp : "GET /?username=111 HTTP/1.1" 200 1471
[2017-04-10 16:27:29,089] [INFO] basehttp : "POST /login_action/ HTTP/1.1" 302 0
[2017-04-10 16:27:29,089] [INFO] basehttp : "POST /login_action/ HTTP/1.1" 302 0
[2017-04-10 16:27:29,139] [INFO] basehttp : "GET /event_manage/ HTTP/1.1" 200 6491
[2017-04-10 16:27:29,139] [INFO] basehttp : "GET /event_manage/ HTTP/1.1" 200 6491
[2019-05-08 06:52:45,183] [INFO] basehttp : "GET / HTTP/1.1" 200 1471
[2019-05-08 06:52:45,183] [INFO] basehttp : "GET / HTTP/1.1" 200 1471
[2019-05-08 06:52:45,701] [WARNING] basehttp : "GET /favicon.ico HTTP/1.1" 404 3478
[2019-05-08 06:52:45,701] [WARNING] basehttp : "GET /favicon.ico HTTP/1.1" 404 3478
[2019-05-08 06:53:22,460] [INFO] basehttp : "POST /login_action/ HTTP/1.1" 200 1498
[2019-05-08 06:53:22,460] [INFO] basehttp : "POST /login_action/ HTTP/1.1" 200 1498
[2019-05-08 07:02:27,411] [INFO] basehttp : "POST /login_action/ HTTP/1.1" 200 1498
[2019-05-08 07:02:27,411] [INFO] basehttp : "POST /login_action/ HTTP/1.1" 200 1498
[2019-05-08 07:21:52,548] [INFO] basehttp : "POST /login_action/ HTTP/1.1" 200 1498
[2019-05-08 07:21:52,548] [INFO] basehttp : "POST /login_action/ HTTP/1.1" 200 1498
[2019-05-08 07:22:39,366] [INFO] basehttp : "POST /login_action/ HTTP/1.1" 200 1498
[2019-05-08 07:22:39,366] [INFO] basehttp : "POST /login_action/ HTTP/1.1" 200 1498
[2019-05-08 07:24:54,392] [INFO] basehttp : "POST /login_action/ HTTP/1.1" 200 1498
[2019-05-08 07:24:54,392] [INFO] basehttp : "POST /login_action/ HTTP/1.1" 200 1498
[2019-05-08 07:25:00,507] [INFO] basehttp : "POST /login_action/ HTTP/1.1" 200 1498
[2019-05-08 07:25:00,507] [INFO] basehttp : "POST /login_action/ HTTP/1.1" 200 1498
[2019-05-08 07:25:27,828] [INFO] basehttp : "POST /login_action/ HTTP/1.1" 302 0
[2019-05-08 07:25:27,828] [INFO] basehttp : "POST /login_action/ HTTP/1.1" 302 0
[2019-05-08 07:25:27,842] [INFO] basehttp : "GET /event_manage/ HTTP/1.1" 200 3952
[2019-05-08 07:25:27,842] [INFO] basehttp : "GET /event_manage/ HTTP/1.1" 200 3952
[2019-05-08 07:38:56,634] [INFO] basehttp : "GET /index HTTP/1.1" 301 0
[2019-05-08 07:38:56,634] [INFO] basehttp : "GET /index HTTP/1.1" 301 0
[2019-05-08 07:38:56,641] [INFO] basehttp : "GET /index/ HTTP/1.1" 200 1471
[2019-05-08 07:38:56,641] [INFO] basehttp : "GET /index/ HTTP/1.1" 200 1471
[2019-05-08 07:38:58,424] [INFO] basehttp : "POST /login_action/ HTTP/1.1" 302 0
[2019-05-08 07:38:58,424] [INFO] basehttp : "POST /login_action/ HTTP/1.1" 302 0
[2019-05-08 07:38:58,433] [INFO] basehttp : "GET /event_manage/ HTTP/1.1" 200 3952
[2019-05-08 07:38:58,433] [INFO] basehttp : "GET /event_manage/ HTTP/1.1" 200 3952
[2019-05-08 07:39:00,553] [INFO] basehttp : "GET /event_manage/ HTTP/1.1" 200 3952
[2019-05-08 07:39:00,553] [INFO] basehttp : "GET /event_manage/ HTTP/1.1" 200 3952
[2019-05-08 07:39:03,060] [INFO] basehttp : "GET /guest_manage/ HTTP/1.1" 200 3970
[2019-05-08 07:39:03,060] [INFO] basehttp : "GET /guest_manage/ HTTP/1.1" 200 3970
[2019-05-08 07:39:04,463] [INFO] basehttp : "GET /event_manage/ HTTP/1.1" 200 3952
[2019-05-08 07:39:04,463] [INFO] basehttp : "GET /event_manage/ HTTP/1.1" 200 3952
